[2025-04-24T10:15:52.297+0000] {local_task_job_runner.py:123} INFO - ::group::Pre task execution logs
[2025-04-24T10:15:52.317+0000] {taskinstance.py:2612} INFO - Dependencies all met for dep_context=non-requeueable deps ti=<TaskInstance: dbt_stock_project.dbt_run manual__2025-04-24T10:15:51.074440+00:00 [queued]>
[2025-04-24T10:15:52.328+0000] {taskinstance.py:2612} INFO - Dependencies all met for dep_context=requeueable deps ti=<TaskInstance: dbt_stock_project.dbt_run manual__2025-04-24T10:15:51.074440+00:00 [queued]>
[2025-04-24T10:15:52.331+0000] {taskinstance.py:2865} INFO - Starting attempt 1 of 1
[2025-04-24T10:15:52.346+0000] {taskinstance.py:2888} INFO - Executing <Task(BashOperator): dbt_run> on 2025-04-24 10:15:51.074440+00:00
[2025-04-24T10:15:52.355+0000] {standard_task_runner.py:104} INFO - Running: ['***', 'tasks', 'run', 'dbt_stock_project', 'dbt_run', 'manual__2025-04-24T10:15:51.074440+00:00', '--job-id', '397', '--raw', '--subdir', 'DAGS_FOLDER/226_lab2_elt.py', '--cfg-path', '/tmp/tmpaz3s1342']
[2025-04-24T10:15:52.357+0000] {logging_mixin.py:190} WARNING - /home/***/.local/lib/python3.12/site-packages/***/task/task_runner/standard_task_runner.py:70 DeprecationWarning: This process (pid=10222) is multi-threaded, use of fork() may lead to deadlocks in the child.
[2025-04-24T10:15:52.359+0000] {standard_task_runner.py:105} INFO - Job 397: Subtask dbt_run
[2025-04-24T10:15:52.360+0000] {standard_task_runner.py:72} INFO - Started process 10223 to run task
[2025-04-24T10:15:52.418+0000] {task_command.py:467} INFO - Running <TaskInstance: dbt_stock_project.dbt_run manual__2025-04-24T10:15:51.074440+00:00 [running]> on host e8b5346887eb
[2025-04-24T10:15:52.511+0000] {taskinstance.py:3131} INFO - Exporting env vars: AIRFLOW_CTX_DAG_OWNER='***' AIRFLOW_CTX_DAG_ID='dbt_stock_project' AIRFLOW_CTX_TASK_ID='dbt_run' AIRFLOW_CTX_EXECUTION_DATE='2025-04-24T10:15:51.074440+00:00' AIRFLOW_CTX_TRY_NUMBER='1' AIRFLOW_CTX_DAG_RUN_ID='manual__2025-04-24T10:15:51.074440+00:00'
[2025-04-24T10:15:52.512+0000] {taskinstance.py:731} INFO - ::endgroup::
[2025-04-24T10:15:52.528+0000] {subprocess.py:63} INFO - Tmp dir root location: /tmp
[2025-04-24T10:15:52.531+0000] {subprocess.py:75} INFO - Running command: ['/usr/bin/bash', '-c', '/home/***/.local/bin/dbt run --profiles-dir /home/***/.dbt --project-dir /opt/***/dbt']
[2025-04-24T10:15:52.540+0000] {subprocess.py:86} INFO - Output:
[2025-04-24T10:15:54.537+0000] {subprocess.py:93} INFO - [0m10:15:54  Running with dbt=1.8.7
[2025-04-24T10:15:55.555+0000] {subprocess.py:93} INFO - [0m10:15:55  Registered adapter: snowflake=1.8.1
[2025-04-24T10:15:56.410+0000] {subprocess.py:93} INFO - [0m10:15:56  Found 5 models, 10 data tests, 4 snapshots, 3 sources, 459 macros
[2025-04-24T10:15:56.414+0000] {subprocess.py:93} INFO - [0m10:15:56
[2025-04-24T10:15:58.466+0000] {subprocess.py:93} INFO - [0m10:15:58  Concurrency: 1 threads (target='dev')
[2025-04-24T10:15:58.468+0000] {subprocess.py:93} INFO - [0m10:15:58
[2025-04-24T10:15:58.519+0000] {subprocess.py:93} INFO - [0m10:15:58  1 of 4 START sql table model analytics.stock_indicators ........................ [RUN]
[2025-04-24T10:15:59.867+0000] {subprocess.py:93} INFO - [0m10:15:59  1 of 4 OK created sql table model analytics.stock_indicators ................... [[32mSUCCESS 1[0m in 1.34s]
[2025-04-24T10:15:59.870+0000] {subprocess.py:93} INFO - [0m10:15:59  2 of 4 START sql table model analytics.volume_summary .......................... [RUN]
[2025-04-24T10:16:01.096+0000] {subprocess.py:93} INFO - [0m10:16:01  2 of 4 OK created sql table model analytics.volume_summary ..................... [[32mSUCCESS 1[0m in 1.22s]
[2025-04-24T10:16:01.100+0000] {subprocess.py:93} INFO - [0m10:16:01  3 of 4 START sql table model analytics.moving_averages ......................... [RUN]
[2025-04-24T10:16:02.615+0000] {subprocess.py:93} INFO - [0m10:16:02  3 of 4 OK created sql table model analytics.moving_averages .................... [[32mSUCCESS 1[0m in 1.51s]
[2025-04-24T10:16:02.618+0000] {subprocess.py:93} INFO - [0m10:16:02  4 of 4 START sql table model analytics.rsi ..................................... [RUN]
[2025-04-24T10:16:03.438+0000] {subprocess.py:93} INFO - [0m10:16:03  4 of 4 ERROR creating sql table model analytics.rsi ............................ [[31mERROR[0m in 0.82s]
[2025-04-24T10:16:03.445+0000] {subprocess.py:93} INFO - [0m10:16:03
[2025-04-24T10:16:03.446+0000] {subprocess.py:93} INFO - [0m10:16:03  Finished running 4 table models in 0 hours 0 minutes and 7.03 seconds (7.03s).
[2025-04-24T10:16:03.539+0000] {subprocess.py:93} INFO - [0m10:16:03
[2025-04-24T10:16:03.540+0000] {subprocess.py:93} INFO - [0m10:16:03  [31mCompleted with 1 error and 0 warnings:[0m
[2025-04-24T10:16:03.541+0000] {subprocess.py:93} INFO - [0m10:16:03
[2025-04-24T10:16:03.543+0000] {subprocess.py:93} INFO - [0m10:16:03    Database Error in model rsi (models/output/rsi.sql)
[2025-04-24T10:16:03.544+0000] {subprocess.py:93} INFO -   001003 (42000): SQL compilation error:
[2025-04-24T10:16:03.544+0000] {subprocess.py:93} INFO -   syntax error line 78 at position 27 unexpected ';'.
[2025-04-24T10:16:03.545+0000] {subprocess.py:93} INFO -   compiled code at target/run/dbt_stock_project/models/output/rsi.sql
[2025-04-24T10:16:03.546+0000] {subprocess.py:93} INFO - [0m10:16:03
[2025-04-24T10:16:03.547+0000] {subprocess.py:93} INFO - [0m10:16:03  Done. PASS=3 WARN=0 ERROR=1 SKIP=0 TOTAL=4
[2025-04-24T10:16:04.315+0000] {subprocess.py:97} INFO - Command exited with return code 1
[2025-04-24T10:16:04.325+0000] {taskinstance.py:3310} ERROR - Task failed with exception
Traceback (most recent call last):
  File "/home/airflow/.local/lib/python3.12/site-packages/airflow/models/taskinstance.py", line 767, in _execute_task
    result = _execute_callable(context=context, **execute_callable_kwargs)
             ^^^^^^^^^^^^^^^^^^^^^^^^^^^^^^^^^^^^^^^^^^^^^^^^^^^^^^^^^^^^^
  File "/home/airflow/.local/lib/python3.12/site-packages/airflow/models/taskinstance.py", line 733, in _execute_callable
    return ExecutionCallableRunner(
           ^^^^^^^^^^^^^^^^^^^^^^^^
  File "/home/airflow/.local/lib/python3.12/site-packages/airflow/utils/operator_helpers.py", line 252, in run
    return self.func(*args, **kwargs)
           ^^^^^^^^^^^^^^^^^^^^^^^^^^
  File "/home/airflow/.local/lib/python3.12/site-packages/airflow/models/baseoperator.py", line 406, in wrapper
    return func(self, *args, **kwargs)
           ^^^^^^^^^^^^^^^^^^^^^^^^^^^
  File "/home/airflow/.local/lib/python3.12/site-packages/airflow/operators/bash.py", line 249, in execute
    raise AirflowException(
airflow.exceptions.AirflowException: Bash command failed. The command returned a non-zero exit code 1.
[2025-04-24T10:16:04.332+0000] {taskinstance.py:1225} INFO - Marking task as FAILED. dag_id=dbt_stock_project, task_id=dbt_run, run_id=manual__2025-04-24T10:15:51.074440+00:00, execution_date=20250424T101551, start_date=20250424T101552, end_date=20250424T101604
[2025-04-24T10:16:04.346+0000] {taskinstance.py:340} INFO - ::group::Post task execution logs
[2025-04-24T10:16:04.347+0000] {standard_task_runner.py:124} ERROR - Failed to execute job 397 for task dbt_run (Bash command failed. The command returned a non-zero exit code 1.; 10223)
Traceback (most recent call last):
  File "/home/airflow/.local/lib/python3.12/site-packages/airflow/task/task_runner/standard_task_runner.py", line 117, in _start_by_fork
    ret = args.func(args, dag=self.dag)
          ^^^^^^^^^^^^^^^^^^^^^^^^^^^^^
  File "/home/airflow/.local/lib/python3.12/site-packages/airflow/cli/cli_config.py", line 49, in command
    return func(*args, **kwargs)
           ^^^^^^^^^^^^^^^^^^^^^
  File "/home/airflow/.local/lib/python3.12/site-packages/airflow/utils/cli.py", line 115, in wrapper
    return f(*args, **kwargs)
           ^^^^^^^^^^^^^^^^^^
  File "/home/airflow/.local/lib/python3.12/site-packages/airflow/cli/commands/task_command.py", line 483, in task_run
    task_return_code = _run_task_by_selected_method(args, _dag, ti)
                       ^^^^^^^^^^^^^^^^^^^^^^^^^^^^^^^^^^^^^^^^^^^^
  File "/home/airflow/.local/lib/python3.12/site-packages/airflow/cli/commands/task_command.py", line 256, in _run_task_by_selected_method
    return _run_raw_task(args, ti)
           ^^^^^^^^^^^^^^^^^^^^^^^
  File "/home/airflow/.local/lib/python3.12/site-packages/airflow/cli/commands/task_command.py", line 341, in _run_raw_task
    return ti._run_raw_task(
           ^^^^^^^^^^^^^^^^^
  File "/home/airflow/.local/lib/python3.12/site-packages/airflow/utils/session.py", line 97, in wrapper
    return func(*args, session=session, **kwargs)
           ^^^^^^^^^^^^^^^^^^^^^^^^^^^^^^^^^^^^^^
  File "/home/airflow/.local/lib/python3.12/site-packages/airflow/models/taskinstance.py", line 3004, in _run_raw_task
    return _run_raw_task(
           ^^^^^^^^^^^^^^
  File "/home/airflow/.local/lib/python3.12/site-packages/airflow/models/taskinstance.py", line 273, in _run_raw_task
    TaskInstance._execute_task_with_callbacks(
  File "/home/airflow/.local/lib/python3.12/site-packages/airflow/models/taskinstance.py", line 3158, in _execute_task_with_callbacks
    result = self._execute_task(context, task_orig)
             ^^^^^^^^^^^^^^^^^^^^^^^^^^^^^^^^^^^^^^
  File "/home/airflow/.local/lib/python3.12/site-packages/airflow/models/taskinstance.py", line 3182, in _execute_task
    return _execute_task(self, context, task_orig)
           ^^^^^^^^^^^^^^^^^^^^^^^^^^^^^^^^^^^^^^^
  File "/home/airflow/.local/lib/python3.12/site-packages/airflow/models/taskinstance.py", line 767, in _execute_task
    result = _execute_callable(context=context, **execute_callable_kwargs)
             ^^^^^^^^^^^^^^^^^^^^^^^^^^^^^^^^^^^^^^^^^^^^^^^^^^^^^^^^^^^^^
  File "/home/airflow/.local/lib/python3.12/site-packages/airflow/models/taskinstance.py", line 733, in _execute_callable
    return ExecutionCallableRunner(
           ^^^^^^^^^^^^^^^^^^^^^^^^
  File "/home/airflow/.local/lib/python3.12/site-packages/airflow/utils/operator_helpers.py", line 252, in run
    return self.func(*args, **kwargs)
           ^^^^^^^^^^^^^^^^^^^^^^^^^^
  File "/home/airflow/.local/lib/python3.12/site-packages/airflow/models/baseoperator.py", line 406, in wrapper
    return func(self, *args, **kwargs)
           ^^^^^^^^^^^^^^^^^^^^^^^^^^^
  File "/home/airflow/.local/lib/python3.12/site-packages/airflow/operators/bash.py", line 249, in execute
    raise AirflowException(
airflow.exceptions.AirflowException: Bash command failed. The command returned a non-zero exit code 1.
[2025-04-24T10:16:04.403+0000] {local_task_job_runner.py:266} INFO - Task exited with return code 1
[2025-04-24T10:16:04.423+0000] {taskinstance.py:3900} INFO - 0 downstream tasks scheduled from follow-on schedule check
[2025-04-24T10:16:04.429+0000] {local_task_job_runner.py:245} INFO - ::endgroup::
