[2025-04-23T23:53:19.967+0000] {local_task_job_runner.py:123} INFO - ::group::Pre task execution logs
[2025-04-23T23:53:19.990+0000] {taskinstance.py:2612} INFO - Dependencies all met for dep_context=non-requeueable deps ti=<TaskInstance: dbt_stock_project.dbt_test manual__2025-04-23T23:53:05.382724+00:00 [queued]>
[2025-04-23T23:53:20.001+0000] {taskinstance.py:2612} INFO - Dependencies all met for dep_context=requeueable deps ti=<TaskInstance: dbt_stock_project.dbt_test manual__2025-04-23T23:53:05.382724+00:00 [queued]>
[2025-04-23T23:53:20.003+0000] {taskinstance.py:2865} INFO - Starting attempt 1 of 1
[2025-04-23T23:53:20.020+0000] {taskinstance.py:2888} INFO - Executing <Task(BashOperator): dbt_test> on 2025-04-23 23:53:05.382724+00:00
[2025-04-23T23:53:20.030+0000] {standard_task_runner.py:104} INFO - Running: ['***', 'tasks', 'run', 'dbt_stock_project', 'dbt_test', 'manual__2025-04-23T23:53:05.382724+00:00', '--job-id', '317', '--raw', '--subdir', 'DAGS_FOLDER/226_lab2_elt.py', '--cfg-path', '/tmp/tmpkwtr2n7r']
[2025-04-23T23:53:20.033+0000] {standard_task_runner.py:105} INFO - Job 317: Subtask dbt_test
[2025-04-23T23:53:20.034+0000] {logging_mixin.py:190} WARNING - /home/***/.local/lib/python3.12/site-packages/***/task/task_runner/standard_task_runner.py:70 DeprecationWarning: This process (pid=5425) is multi-threaded, use of fork() may lead to deadlocks in the child.
[2025-04-23T23:53:20.035+0000] {standard_task_runner.py:72} INFO - Started process 5426 to run task
[2025-04-23T23:53:20.083+0000] {task_command.py:467} INFO - Running <TaskInstance: dbt_stock_project.dbt_test manual__2025-04-23T23:53:05.382724+00:00 [running]> on host d01273b1fd04
[2025-04-23T23:53:20.161+0000] {taskinstance.py:3131} INFO - Exporting env vars: AIRFLOW_CTX_DAG_OWNER='***' AIRFLOW_CTX_DAG_ID='dbt_stock_project' AIRFLOW_CTX_TASK_ID='dbt_test' AIRFLOW_CTX_EXECUTION_DATE='2025-04-23T23:53:05.382724+00:00' AIRFLOW_CTX_TRY_NUMBER='1' AIRFLOW_CTX_DAG_RUN_ID='manual__2025-04-23T23:53:05.382724+00:00'
[2025-04-23T23:53:20.163+0000] {taskinstance.py:731} INFO - ::endgroup::
[2025-04-23T23:53:20.177+0000] {subprocess.py:63} INFO - Tmp dir root location: /tmp
[2025-04-23T23:53:20.179+0000] {subprocess.py:75} INFO - Running command: ['/usr/bin/bash', '-c', '/home/***/.local/bin/dbt test --profiles-dir /home/***/.dbt --project-dir /opt/***/dbt']
[2025-04-23T23:53:20.186+0000] {subprocess.py:86} INFO - Output:
[2025-04-23T23:53:22.040+0000] {subprocess.py:93} INFO - [0m23:53:22  Running with dbt=1.8.7
[2025-04-23T23:53:23.034+0000] {subprocess.py:93} INFO - [0m23:53:23  Registered adapter: snowflake=1.8.1
[2025-04-23T23:53:23.644+0000] {subprocess.py:93} INFO - [0m23:53:23  Found 6 models, 18 data tests, 3 sources, 459 macros
[2025-04-23T23:53:23.649+0000] {subprocess.py:93} INFO - [0m23:53:23
[2025-04-23T23:53:24.268+0000] {subprocess.py:93} INFO - [0m23:53:24  Concurrency: 1 threads (target='dev')
[2025-04-23T23:53:24.269+0000] {subprocess.py:93} INFO - [0m23:53:24
[2025-04-23T23:53:24.284+0000] {subprocess.py:93} INFO - [0m23:53:24  1 of 18 START test dbt_utils_unique_combination_of_columns_moving_averages_symbol__trade_date  [RUN]
[2025-04-23T23:53:24.315+0000] {subprocess.py:93} INFO - [0m23:53:24  1 of 18 ERROR dbt_utils_unique_combination_of_columns_moving_averages_symbol__trade_date  [[31mERROR[0m in 0.03s]
[2025-04-23T23:53:24.318+0000] {subprocess.py:93} INFO - [0m23:53:24  2 of 18 START test dbt_utils_unique_combination_of_columns_rsi_symbol__trade_date  [RUN]
[2025-04-23T23:53:24.327+0000] {subprocess.py:93} INFO - [0m23:53:24  2 of 18 ERROR dbt_utils_unique_combination_of_columns_rsi_symbol__trade_date ... [[31mERROR[0m in 0.01s]
[2025-04-23T23:53:24.332+0000] {subprocess.py:93} INFO - [0m23:53:24  3 of 18 START test dbt_utils_unique_combination_of_columns_stock_indicators_symbol__trade_date  [RUN]
[2025-04-23T23:53:24.342+0000] {subprocess.py:93} INFO - [0m23:53:24  3 of 18 ERROR dbt_utils_unique_combination_of_columns_stock_indicators_symbol__trade_date  [[31mERROR[0m in 0.01s]
[2025-04-23T23:53:24.346+0000] {subprocess.py:93} INFO - [0m23:53:24  4 of 18 START test dbt_utils_unique_combination_of_columns_volume_summary_symbol__trade_date  [RUN]
[2025-04-23T23:53:24.355+0000] {subprocess.py:93} INFO - [0m23:53:24  4 of 18 ERROR dbt_utils_unique_combination_of_columns_volume_summary_symbol__trade_date  [[31mERROR[0m in 0.01s]
[2025-04-23T23:53:24.359+0000] {subprocess.py:93} INFO - [0m23:53:24  5 of 18 START test not_null_moving_averages_close_price_14d_ma ................. [RUN]
[2025-04-23T23:53:25.550+0000] {subprocess.py:93} INFO - [0m23:53:25  5 of 18 PASS not_null_moving_averages_close_price_14d_ma ....................... [[32mPASS[0m in 1.19s]
[2025-04-23T23:53:25.554+0000] {subprocess.py:93} INFO - [0m23:53:25  6 of 18 START test not_null_moving_averages_close_price_30d_ma ................. [RUN]
[2025-04-23T23:53:26.086+0000] {subprocess.py:93} INFO - [0m23:53:26  6 of 18 PASS not_null_moving_averages_close_price_30d_ma ....................... [[32mPASS[0m in 0.53s]
[2025-04-23T23:53:26.089+0000] {subprocess.py:93} INFO - [0m23:53:26  7 of 18 START test not_null_moving_averages_close_price_7d_ma .................. [RUN]
[2025-04-23T23:53:26.821+0000] {subprocess.py:93} INFO - [0m23:53:26  7 of 18 PASS not_null_moving_averages_close_price_7d_ma ........................ [[32mPASS[0m in 0.73s]
[2025-04-23T23:53:26.826+0000] {subprocess.py:93} INFO - [0m23:53:26  8 of 18 START test not_null_moving_averages_symbol ............................. [RUN]
[2025-04-23T23:53:27.323+0000] {subprocess.py:93} INFO - [0m23:53:27  8 of 18 PASS not_null_moving_averages_symbol ................................... [[32mPASS[0m in 0.49s]
[2025-04-23T23:53:27.326+0000] {subprocess.py:93} INFO - [0m23:53:27  9 of 18 START test not_null_moving_averages_trade_date ......................... [RUN]
[2025-04-23T23:53:28.123+0000] {subprocess.py:93} INFO - [0m23:53:28  9 of 18 PASS not_null_moving_averages_trade_date ............................... [[32mPASS[0m in 0.80s]
[2025-04-23T23:53:28.127+0000] {subprocess.py:93} INFO - [0m23:53:28  10 of 18 START test not_null_rsi_rsi_14d ....................................... [RUN]
[2025-04-23T23:53:28.618+0000] {subprocess.py:93} INFO - [0m23:53:28  10 of 18 PASS not_null_rsi_rsi_14d ............................................. [[32mPASS[0m in 0.49s]
[2025-04-23T23:53:28.621+0000] {subprocess.py:93} INFO - [0m23:53:28  11 of 18 START test not_null_rsi_symbol ........................................ [RUN]
[2025-04-23T23:53:29.076+0000] {subprocess.py:93} INFO - [0m23:53:29  11 of 18 PASS not_null_rsi_symbol .............................................. [[32mPASS[0m in 0.45s]
[2025-04-23T23:53:29.079+0000] {subprocess.py:93} INFO - [0m23:53:29  12 of 18 START test not_null_rsi_trade_date .................................... [RUN]
[2025-04-23T23:53:29.564+0000] {subprocess.py:93} INFO - [0m23:53:29  12 of 18 PASS not_null_rsi_trade_date .......................................... [[32mPASS[0m in 0.48s]
[2025-04-23T23:53:29.566+0000] {subprocess.py:93} INFO - [0m23:53:29  13 of 18 START test not_null_stock_indicators_rsi_14d .......................... [RUN]
[2025-04-23T23:53:30.077+0000] {subprocess.py:93} INFO - [0m23:53:30  13 of 18 PASS not_null_stock_indicators_rsi_14d ................................ [[32mPASS[0m in 0.51s]
[2025-04-23T23:53:30.082+0000] {subprocess.py:93} INFO - [0m23:53:30  14 of 18 START test not_null_stock_indicators_symbol ........................... [RUN]
[2025-04-23T23:53:30.580+0000] {subprocess.py:93} INFO - [0m23:53:30  14 of 18 PASS not_null_stock_indicators_symbol ................................. [[32mPASS[0m in 0.50s]
[2025-04-23T23:53:30.584+0000] {subprocess.py:93} INFO - [0m23:53:30  15 of 18 START test not_null_stock_indicators_trade_date ....................... [RUN]
[2025-04-23T23:53:31.096+0000] {subprocess.py:93} INFO - [0m23:53:31  15 of 18 PASS not_null_stock_indicators_trade_date ............................. [[32mPASS[0m in 0.51s]
[2025-04-23T23:53:31.101+0000] {subprocess.py:93} INFO - [0m23:53:31  16 of 18 START test not_null_volume_summary_symbol ............................. [RUN]
[2025-04-23T23:53:31.611+0000] {subprocess.py:93} INFO - [0m23:53:31  16 of 18 PASS not_null_volume_summary_symbol ................................... [[32mPASS[0m in 0.51s]
[2025-04-23T23:53:31.614+0000] {subprocess.py:93} INFO - [0m23:53:31  17 of 18 START test not_null_volume_summary_total_volume ....................... [RUN]
[2025-04-23T23:53:32.099+0000] {subprocess.py:93} INFO - [0m23:53:32  17 of 18 PASS not_null_volume_summary_total_volume ............................. [[32mPASS[0m in 0.48s]
[2025-04-23T23:53:32.104+0000] {subprocess.py:93} INFO - [0m23:53:32  18 of 18 START test not_null_volume_summary_trade_date ......................... [RUN]
[2025-04-23T23:53:32.701+0000] {subprocess.py:93} INFO - [0m23:53:32  18 of 18 PASS not_null_volume_summary_trade_date ............................... [[32mPASS[0m in 0.59s]
[2025-04-23T23:53:32.706+0000] {subprocess.py:93} INFO - [0m23:53:32
[2025-04-23T23:53:32.707+0000] {subprocess.py:93} INFO - [0m23:53:32  Finished running 18 data tests in 0 hours 0 minutes and 9.06 seconds (9.06s).
[2025-04-23T23:53:32.897+0000] {subprocess.py:93} INFO - [0m23:53:32
[2025-04-23T23:53:32.898+0000] {subprocess.py:93} INFO - [0m23:53:32  [31mCompleted with 4 errors and 0 warnings:[0m
[2025-04-23T23:53:32.899+0000] {subprocess.py:93} INFO - [0m23:53:32
[2025-04-23T23:53:32.900+0000] {subprocess.py:93} INFO - [0m23:53:32    Compilation Error in test dbt_utils_unique_combination_of_columns_moving_averages_symbol__trade_date (models/output/schema.yml)
[2025-04-23T23:53:32.901+0000] {subprocess.py:93} INFO -   'dbt_utils' is undefined. This can happen when calling a macro that does not exist. Check for typos and/or install package dependencies with "dbt deps".
[2025-04-23T23:53:32.901+0000] {subprocess.py:93} INFO - [0m23:53:32
[2025-04-23T23:53:32.902+0000] {subprocess.py:93} INFO - [0m23:53:32    Compilation Error in test dbt_utils_unique_combination_of_columns_rsi_symbol__trade_date (models/output/schema.yml)
[2025-04-23T23:53:32.903+0000] {subprocess.py:93} INFO -   'dbt_utils' is undefined. This can happen when calling a macro that does not exist. Check for typos and/or install package dependencies with "dbt deps".
[2025-04-23T23:53:32.903+0000] {subprocess.py:93} INFO - [0m23:53:32
[2025-04-23T23:53:32.904+0000] {subprocess.py:93} INFO - [0m23:53:32    Compilation Error in test dbt_utils_unique_combination_of_columns_stock_indicators_symbol__trade_date (models/output/schema.yml)
[2025-04-23T23:53:32.904+0000] {subprocess.py:93} INFO -   'dbt_utils' is undefined. This can happen when calling a macro that does not exist. Check for typos and/or install package dependencies with "dbt deps".
[2025-04-23T23:53:32.905+0000] {subprocess.py:93} INFO - [0m23:53:32
[2025-04-23T23:53:32.905+0000] {subprocess.py:93} INFO - [0m23:53:32    Compilation Error in test dbt_utils_unique_combination_of_columns_volume_summary_symbol__trade_date (models/output/schema.yml)
[2025-04-23T23:53:32.906+0000] {subprocess.py:93} INFO -   'dbt_utils' is undefined. This can happen when calling a macro that does not exist. Check for typos and/or install package dependencies with "dbt deps".
[2025-04-23T23:53:32.907+0000] {subprocess.py:93} INFO - [0m23:53:32
[2025-04-23T23:53:32.908+0000] {subprocess.py:93} INFO - [0m23:53:32  Done. PASS=14 WARN=0 ERROR=4 SKIP=0 TOTAL=18
[2025-04-23T23:53:33.596+0000] {subprocess.py:97} INFO - Command exited with return code 1
[2025-04-23T23:53:33.606+0000] {taskinstance.py:3310} ERROR - Task failed with exception
Traceback (most recent call last):
  File "/home/airflow/.local/lib/python3.12/site-packages/airflow/models/taskinstance.py", line 767, in _execute_task
    result = _execute_callable(context=context, **execute_callable_kwargs)
             ^^^^^^^^^^^^^^^^^^^^^^^^^^^^^^^^^^^^^^^^^^^^^^^^^^^^^^^^^^^^^
  File "/home/airflow/.local/lib/python3.12/site-packages/airflow/models/taskinstance.py", line 733, in _execute_callable
    return ExecutionCallableRunner(
           ^^^^^^^^^^^^^^^^^^^^^^^^
  File "/home/airflow/.local/lib/python3.12/site-packages/airflow/utils/operator_helpers.py", line 252, in run
    return self.func(*args, **kwargs)
           ^^^^^^^^^^^^^^^^^^^^^^^^^^
  File "/home/airflow/.local/lib/python3.12/site-packages/airflow/models/baseoperator.py", line 406, in wrapper
    return func(self, *args, **kwargs)
           ^^^^^^^^^^^^^^^^^^^^^^^^^^^
  File "/home/airflow/.local/lib/python3.12/site-packages/airflow/operators/bash.py", line 249, in execute
    raise AirflowException(
airflow.exceptions.AirflowException: Bash command failed. The command returned a non-zero exit code 1.
[2025-04-23T23:53:33.617+0000] {taskinstance.py:1225} INFO - Marking task as FAILED. dag_id=dbt_stock_project, task_id=dbt_test, run_id=manual__2025-04-23T23:53:05.382724+00:00, execution_date=20250423T235305, start_date=20250423T235319, end_date=20250423T235333
[2025-04-23T23:53:33.634+0000] {taskinstance.py:340} INFO - ::group::Post task execution logs
[2025-04-23T23:53:33.636+0000] {standard_task_runner.py:124} ERROR - Failed to execute job 317 for task dbt_test (Bash command failed. The command returned a non-zero exit code 1.; 5426)
Traceback (most recent call last):
  File "/home/airflow/.local/lib/python3.12/site-packages/airflow/task/task_runner/standard_task_runner.py", line 117, in _start_by_fork
    ret = args.func(args, dag=self.dag)
          ^^^^^^^^^^^^^^^^^^^^^^^^^^^^^
  File "/home/airflow/.local/lib/python3.12/site-packages/airflow/cli/cli_config.py", line 49, in command
    return func(*args, **kwargs)
           ^^^^^^^^^^^^^^^^^^^^^
  File "/home/airflow/.local/lib/python3.12/site-packages/airflow/utils/cli.py", line 115, in wrapper
    return f(*args, **kwargs)
           ^^^^^^^^^^^^^^^^^^
  File "/home/airflow/.local/lib/python3.12/site-packages/airflow/cli/commands/task_command.py", line 483, in task_run
    task_return_code = _run_task_by_selected_method(args, _dag, ti)
                       ^^^^^^^^^^^^^^^^^^^^^^^^^^^^^^^^^^^^^^^^^^^^
  File "/home/airflow/.local/lib/python3.12/site-packages/airflow/cli/commands/task_command.py", line 256, in _run_task_by_selected_method
    return _run_raw_task(args, ti)
           ^^^^^^^^^^^^^^^^^^^^^^^
  File "/home/airflow/.local/lib/python3.12/site-packages/airflow/cli/commands/task_command.py", line 341, in _run_raw_task
    return ti._run_raw_task(
           ^^^^^^^^^^^^^^^^^
  File "/home/airflow/.local/lib/python3.12/site-packages/airflow/utils/session.py", line 97, in wrapper
    return func(*args, session=session, **kwargs)
           ^^^^^^^^^^^^^^^^^^^^^^^^^^^^^^^^^^^^^^
  File "/home/airflow/.local/lib/python3.12/site-packages/airflow/models/taskinstance.py", line 3004, in _run_raw_task
    return _run_raw_task(
           ^^^^^^^^^^^^^^
  File "/home/airflow/.local/lib/python3.12/site-packages/airflow/models/taskinstance.py", line 273, in _run_raw_task
    TaskInstance._execute_task_with_callbacks(
  File "/home/airflow/.local/lib/python3.12/site-packages/airflow/models/taskinstance.py", line 3158, in _execute_task_with_callbacks
    result = self._execute_task(context, task_orig)
             ^^^^^^^^^^^^^^^^^^^^^^^^^^^^^^^^^^^^^^
  File "/home/airflow/.local/lib/python3.12/site-packages/airflow/models/taskinstance.py", line 3182, in _execute_task
    return _execute_task(self, context, task_orig)
           ^^^^^^^^^^^^^^^^^^^^^^^^^^^^^^^^^^^^^^^
  File "/home/airflow/.local/lib/python3.12/site-packages/airflow/models/taskinstance.py", line 767, in _execute_task
    result = _execute_callable(context=context, **execute_callable_kwargs)
             ^^^^^^^^^^^^^^^^^^^^^^^^^^^^^^^^^^^^^^^^^^^^^^^^^^^^^^^^^^^^^
  File "/home/airflow/.local/lib/python3.12/site-packages/airflow/models/taskinstance.py", line 733, in _execute_callable
    return ExecutionCallableRunner(
           ^^^^^^^^^^^^^^^^^^^^^^^^
  File "/home/airflow/.local/lib/python3.12/site-packages/airflow/utils/operator_helpers.py", line 252, in run
    return self.func(*args, **kwargs)
           ^^^^^^^^^^^^^^^^^^^^^^^^^^
  File "/home/airflow/.local/lib/python3.12/site-packages/airflow/models/baseoperator.py", line 406, in wrapper
    return func(self, *args, **kwargs)
           ^^^^^^^^^^^^^^^^^^^^^^^^^^^
  File "/home/airflow/.local/lib/python3.12/site-packages/airflow/operators/bash.py", line 249, in execute
    raise AirflowException(
airflow.exceptions.AirflowException: Bash command failed. The command returned a non-zero exit code 1.
[2025-04-23T23:53:33.647+0000] {local_task_job_runner.py:266} INFO - Task exited with return code 1
[2025-04-23T23:53:33.664+0000] {taskinstance.py:3900} INFO - 0 downstream tasks scheduled from follow-on schedule check
[2025-04-23T23:53:33.670+0000] {local_task_job_runner.py:245} INFO - ::endgroup::
