[2025-04-24T00:18:57.688+0000] {local_task_job_runner.py:123} INFO - ::group::Pre task execution logs
[2025-04-24T00:18:57.706+0000] {taskinstance.py:2612} INFO - Dependencies all met for dep_context=non-requeueable deps ti=<TaskInstance: dbt_stock_project.dbt_test manual__2025-04-24T00:18:44.805197+00:00 [queued]>
[2025-04-24T00:18:57.715+0000] {taskinstance.py:2612} INFO - Dependencies all met for dep_context=requeueable deps ti=<TaskInstance: dbt_stock_project.dbt_test manual__2025-04-24T00:18:44.805197+00:00 [queued]>
[2025-04-24T00:18:57.717+0000] {taskinstance.py:2865} INFO - Starting attempt 1 of 1
[2025-04-24T00:18:57.731+0000] {taskinstance.py:2888} INFO - Executing <Task(BashOperator): dbt_test> on 2025-04-24 00:18:44.805197+00:00
[2025-04-24T00:18:57.739+0000] {logging_mixin.py:190} WARNING - /home/***/.local/lib/python3.12/site-packages/***/task/task_runner/standard_task_runner.py:70 DeprecationWarning: This process (pid=6860) is multi-threaded, use of fork() may lead to deadlocks in the child.
[2025-04-24T00:18:57.739+0000] {standard_task_runner.py:104} INFO - Running: ['***', 'tasks', 'run', 'dbt_stock_project', 'dbt_test', 'manual__2025-04-24T00:18:44.805197+00:00', '--job-id', '331', '--raw', '--subdir', 'DAGS_FOLDER/226_lab2_elt.py', '--cfg-path', '/tmp/tmprjw2rr2l']
[2025-04-24T00:18:57.741+0000] {standard_task_runner.py:72} INFO - Started process 6861 to run task
[2025-04-24T00:18:57.742+0000] {standard_task_runner.py:105} INFO - Job 331: Subtask dbt_test
[2025-04-24T00:18:57.793+0000] {task_command.py:467} INFO - Running <TaskInstance: dbt_stock_project.dbt_test manual__2025-04-24T00:18:44.805197+00:00 [running]> on host d01273b1fd04
[2025-04-24T00:18:57.878+0000] {taskinstance.py:3131} INFO - Exporting env vars: AIRFLOW_CTX_DAG_OWNER='***' AIRFLOW_CTX_DAG_ID='dbt_stock_project' AIRFLOW_CTX_TASK_ID='dbt_test' AIRFLOW_CTX_EXECUTION_DATE='2025-04-24T00:18:44.805197+00:00' AIRFLOW_CTX_TRY_NUMBER='1' AIRFLOW_CTX_DAG_RUN_ID='manual__2025-04-24T00:18:44.805197+00:00'
[2025-04-24T00:18:57.879+0000] {taskinstance.py:731} INFO - ::endgroup::
[2025-04-24T00:18:57.891+0000] {subprocess.py:63} INFO - Tmp dir root location: /tmp
[2025-04-24T00:18:57.894+0000] {subprocess.py:75} INFO - Running command: ['/usr/bin/bash', '-c', '/home/***/.local/bin/dbt test --profiles-dir /home/***/.dbt --project-dir /opt/***/dbt']
[2025-04-24T00:18:57.902+0000] {subprocess.py:86} INFO - Output:
[2025-04-24T00:18:59.609+0000] {subprocess.py:93} INFO - [0m00:18:59  Running with dbt=1.8.7
[2025-04-24T00:19:00.506+0000] {subprocess.py:93} INFO - [0m00:19:00  Registered adapter: snowflake=1.8.1
[2025-04-24T00:19:01.147+0000] {subprocess.py:93} INFO - [0m00:19:01  Found 6 models, 18 data tests, 3 sources, 459 macros
[2025-04-24T00:19:01.151+0000] {subprocess.py:93} INFO - [0m00:19:01
[2025-04-24T00:19:01.697+0000] {subprocess.py:93} INFO - [0m00:19:01  Concurrency: 1 threads (target='dev')
[2025-04-24T00:19:01.698+0000] {subprocess.py:93} INFO - [0m00:19:01
[2025-04-24T00:19:01.709+0000] {subprocess.py:93} INFO - [0m00:19:01  1 of 18 START test dbt_utils_unique_combination_of_columns_moving_averages_symbol__trade_date  [RUN]
[2025-04-24T00:19:01.731+0000] {subprocess.py:93} INFO - [0m00:19:01  1 of 18 ERROR dbt_utils_unique_combination_of_columns_moving_averages_symbol__trade_date  [[31mERROR[0m in 0.02s]
[2025-04-24T00:19:01.735+0000] {subprocess.py:93} INFO - [0m00:19:01  2 of 18 START test dbt_utils_unique_combination_of_columns_rsi_symbol__trade_date  [RUN]
[2025-04-24T00:19:01.745+0000] {subprocess.py:93} INFO - [0m00:19:01  2 of 18 ERROR dbt_utils_unique_combination_of_columns_rsi_symbol__trade_date ... [[31mERROR[0m in 0.01s]
[2025-04-24T00:19:01.748+0000] {subprocess.py:93} INFO - [0m00:19:01  3 of 18 START test dbt_utils_unique_combination_of_columns_stock_indicators_symbol__trade_date  [RUN]
[2025-04-24T00:19:01.758+0000] {subprocess.py:93} INFO - [0m00:19:01  3 of 18 ERROR dbt_utils_unique_combination_of_columns_stock_indicators_symbol__trade_date  [[31mERROR[0m in 0.01s]
[2025-04-24T00:19:01.761+0000] {subprocess.py:93} INFO - [0m00:19:01  4 of 18 START test dbt_utils_unique_combination_of_columns_volume_summary_symbol__trade_date  [RUN]
[2025-04-24T00:19:01.772+0000] {subprocess.py:93} INFO - [0m00:19:01  4 of 18 ERROR dbt_utils_unique_combination_of_columns_volume_summary_symbol__trade_date  [[31mERROR[0m in 0.01s]
[2025-04-24T00:19:01.775+0000] {subprocess.py:93} INFO - [0m00:19:01  5 of 18 START test not_null_moving_averages_close_price_14d_ma ................. [RUN]
[2025-04-24T00:19:02.373+0000] {subprocess.py:93} INFO - [0m00:19:02  5 of 18 PASS not_null_moving_averages_close_price_14d_ma ....................... [[32mPASS[0m in 0.60s]
[2025-04-24T00:19:02.376+0000] {subprocess.py:93} INFO - [0m00:19:02  6 of 18 START test not_null_moving_averages_close_price_30d_ma ................. [RUN]
[2025-04-24T00:19:02.819+0000] {subprocess.py:93} INFO - [0m00:19:02  6 of 18 PASS not_null_moving_averages_close_price_30d_ma ....................... [[32mPASS[0m in 0.44s]
[2025-04-24T00:19:02.822+0000] {subprocess.py:93} INFO - [0m00:19:02  7 of 18 START test not_null_moving_averages_close_price_7d_ma .................. [RUN]
[2025-04-24T00:19:03.630+0000] {subprocess.py:93} INFO - [0m00:19:03  7 of 18 PASS not_null_moving_averages_close_price_7d_ma ........................ [[32mPASS[0m in 0.81s]
[2025-04-24T00:19:03.633+0000] {subprocess.py:93} INFO - [0m00:19:03  8 of 18 START test not_null_moving_averages_symbol ............................. [RUN]
[2025-04-24T00:19:04.279+0000] {subprocess.py:93} INFO - [0m00:19:04  8 of 18 PASS not_null_moving_averages_symbol ................................... [[32mPASS[0m in 0.64s]
[2025-04-24T00:19:04.283+0000] {subprocess.py:93} INFO - [0m00:19:04  9 of 18 START test not_null_moving_averages_trade_date ......................... [RUN]
[2025-04-24T00:19:04.904+0000] {subprocess.py:93} INFO - [0m00:19:04  9 of 18 PASS not_null_moving_averages_trade_date ............................... [[32mPASS[0m in 0.62s]
[2025-04-24T00:19:04.907+0000] {subprocess.py:93} INFO - [0m00:19:04  10 of 18 START test not_null_rsi_rsi_14d ....................................... [RUN]
[2025-04-24T00:19:05.408+0000] {subprocess.py:93} INFO - [0m00:19:05  10 of 18 FAIL 3 not_null_rsi_rsi_14d ........................................... [[31mFAIL 3[0m in 0.50s]
[2025-04-24T00:19:05.414+0000] {subprocess.py:93} INFO - [0m00:19:05  11 of 18 START test not_null_rsi_symbol ........................................ [RUN]
[2025-04-24T00:19:06.025+0000] {subprocess.py:93} INFO - [0m00:19:06  11 of 18 PASS not_null_rsi_symbol .............................................. [[32mPASS[0m in 0.61s]
[2025-04-24T00:19:06.030+0000] {subprocess.py:93} INFO - [0m00:19:06  12 of 18 START test not_null_rsi_trade_date .................................... [RUN]
[2025-04-24T00:19:06.569+0000] {subprocess.py:93} INFO - [0m00:19:06  12 of 18 PASS not_null_rsi_trade_date .......................................... [[32mPASS[0m in 0.54s]
[2025-04-24T00:19:06.572+0000] {subprocess.py:93} INFO - [0m00:19:06  13 of 18 START test not_null_stock_indicators_rsi_14d .......................... [RUN]
[2025-04-24T00:19:07.071+0000] {subprocess.py:93} INFO - [0m00:19:07  13 of 18 PASS not_null_stock_indicators_rsi_14d ................................ [[32mPASS[0m in 0.50s]
[2025-04-24T00:19:07.075+0000] {subprocess.py:93} INFO - [0m00:19:07  14 of 18 START test not_null_stock_indicators_symbol ........................... [RUN]
[2025-04-24T00:19:07.658+0000] {subprocess.py:93} INFO - [0m00:19:07  14 of 18 PASS not_null_stock_indicators_symbol ................................. [[32mPASS[0m in 0.58s]
[2025-04-24T00:19:07.662+0000] {subprocess.py:93} INFO - [0m00:19:07  15 of 18 START test not_null_stock_indicators_trade_date ....................... [RUN]
[2025-04-24T00:19:08.233+0000] {subprocess.py:93} INFO - [0m00:19:08  15 of 18 PASS not_null_stock_indicators_trade_date ............................. [[32mPASS[0m in 0.57s]
[2025-04-24T00:19:08.237+0000] {subprocess.py:93} INFO - [0m00:19:08  16 of 18 START test not_null_volume_summary_symbol ............................. [RUN]
[2025-04-24T00:19:08.893+0000] {subprocess.py:93} INFO - [0m00:19:08  16 of 18 PASS not_null_volume_summary_symbol ................................... [[32mPASS[0m in 0.65s]
[2025-04-24T00:19:08.898+0000] {subprocess.py:93} INFO - [0m00:19:08  17 of 18 START test not_null_volume_summary_total_volume ....................... [RUN]
[2025-04-24T00:19:09.408+0000] {subprocess.py:93} INFO - [0m00:19:09  17 of 18 PASS not_null_volume_summary_total_volume ............................. [[32mPASS[0m in 0.51s]
[2025-04-24T00:19:09.412+0000] {subprocess.py:93} INFO - [0m00:19:09  18 of 18 START test not_null_volume_summary_trade_date ......................... [RUN]
[2025-04-24T00:19:09.971+0000] {subprocess.py:93} INFO - [0m00:19:09  18 of 18 PASS not_null_volume_summary_trade_date ............................... [[32mPASS[0m in 0.56s]
[2025-04-24T00:19:09.977+0000] {subprocess.py:93} INFO - [0m00:19:09
[2025-04-24T00:19:09.977+0000] {subprocess.py:93} INFO - [0m00:19:09  Finished running 18 data tests in 0 hours 0 minutes and 8.82 seconds (8.82s).
[2025-04-24T00:19:10.174+0000] {subprocess.py:93} INFO - [0m00:19:10
[2025-04-24T00:19:10.174+0000] {subprocess.py:93} INFO - [0m00:19:10  [31mCompleted with 5 errors and 0 warnings:[0m
[2025-04-24T00:19:10.175+0000] {subprocess.py:93} INFO - [0m00:19:10
[2025-04-24T00:19:10.176+0000] {subprocess.py:93} INFO - [0m00:19:10    Compilation Error in test dbt_utils_unique_combination_of_columns_moving_averages_symbol__trade_date (models/output/schema.yml)
[2025-04-24T00:19:10.177+0000] {subprocess.py:93} INFO -   'dbt_utils' is undefined. This can happen when calling a macro that does not exist. Check for typos and/or install package dependencies with "dbt deps".
[2025-04-24T00:19:10.178+0000] {subprocess.py:93} INFO - [0m00:19:10
[2025-04-24T00:19:10.179+0000] {subprocess.py:93} INFO - [0m00:19:10    Compilation Error in test dbt_utils_unique_combination_of_columns_rsi_symbol__trade_date (models/output/schema.yml)
[2025-04-24T00:19:10.180+0000] {subprocess.py:93} INFO -   'dbt_utils' is undefined. This can happen when calling a macro that does not exist. Check for typos and/or install package dependencies with "dbt deps".
[2025-04-24T00:19:10.181+0000] {subprocess.py:93} INFO - [0m00:19:10
[2025-04-24T00:19:10.182+0000] {subprocess.py:93} INFO - [0m00:19:10    Compilation Error in test dbt_utils_unique_combination_of_columns_stock_indicators_symbol__trade_date (models/output/schema.yml)
[2025-04-24T00:19:10.183+0000] {subprocess.py:93} INFO -   'dbt_utils' is undefined. This can happen when calling a macro that does not exist. Check for typos and/or install package dependencies with "dbt deps".
[2025-04-24T00:19:10.183+0000] {subprocess.py:93} INFO - [0m00:19:10
[2025-04-24T00:19:10.184+0000] {subprocess.py:93} INFO - [0m00:19:10    Compilation Error in test dbt_utils_unique_combination_of_columns_volume_summary_symbol__trade_date (models/output/schema.yml)
[2025-04-24T00:19:10.185+0000] {subprocess.py:93} INFO -   'dbt_utils' is undefined. This can happen when calling a macro that does not exist. Check for typos and/or install package dependencies with "dbt deps".
[2025-04-24T00:19:10.185+0000] {subprocess.py:93} INFO - [0m00:19:10
[2025-04-24T00:19:10.186+0000] {subprocess.py:93} INFO - [0m00:19:10  [31mFailure in test not_null_rsi_rsi_14d (models/output/schema.yml)[0m
[2025-04-24T00:19:10.187+0000] {subprocess.py:93} INFO - [0m00:19:10    Got 3 results, configured to fail if != 0
[2025-04-24T00:19:10.188+0000] {subprocess.py:93} INFO - [0m00:19:10
[2025-04-24T00:19:10.189+0000] {subprocess.py:93} INFO - [0m00:19:10    compiled code at target/compiled/dbt_stock_project/models/output/schema.yml/not_null_rsi_rsi_14d.sql
[2025-04-24T00:19:10.190+0000] {subprocess.py:93} INFO - [0m00:19:10
[2025-04-24T00:19:10.191+0000] {subprocess.py:93} INFO - [0m00:19:10  Done. PASS=13 WARN=0 ERROR=5 SKIP=0 TOTAL=18
[2025-04-24T00:19:10.825+0000] {subprocess.py:97} INFO - Command exited with return code 1
[2025-04-24T00:19:10.836+0000] {taskinstance.py:3310} ERROR - Task failed with exception
Traceback (most recent call last):
  File "/home/airflow/.local/lib/python3.12/site-packages/airflow/models/taskinstance.py", line 767, in _execute_task
    result = _execute_callable(context=context, **execute_callable_kwargs)
             ^^^^^^^^^^^^^^^^^^^^^^^^^^^^^^^^^^^^^^^^^^^^^^^^^^^^^^^^^^^^^
  File "/home/airflow/.local/lib/python3.12/site-packages/airflow/models/taskinstance.py", line 733, in _execute_callable
    return ExecutionCallableRunner(
           ^^^^^^^^^^^^^^^^^^^^^^^^
  File "/home/airflow/.local/lib/python3.12/site-packages/airflow/utils/operator_helpers.py", line 252, in run
    return self.func(*args, **kwargs)
           ^^^^^^^^^^^^^^^^^^^^^^^^^^
  File "/home/airflow/.local/lib/python3.12/site-packages/airflow/models/baseoperator.py", line 406, in wrapper
    return func(self, *args, **kwargs)
           ^^^^^^^^^^^^^^^^^^^^^^^^^^^
  File "/home/airflow/.local/lib/python3.12/site-packages/airflow/operators/bash.py", line 249, in execute
    raise AirflowException(
airflow.exceptions.AirflowException: Bash command failed. The command returned a non-zero exit code 1.
[2025-04-24T00:19:10.840+0000] {taskinstance.py:1225} INFO - Marking task as FAILED. dag_id=dbt_stock_project, task_id=dbt_test, run_id=manual__2025-04-24T00:18:44.805197+00:00, execution_date=20250424T001844, start_date=20250424T001857, end_date=20250424T001910
[2025-04-24T00:19:10.854+0000] {taskinstance.py:340} INFO - ::group::Post task execution logs
[2025-04-24T00:19:10.855+0000] {standard_task_runner.py:124} ERROR - Failed to execute job 331 for task dbt_test (Bash command failed. The command returned a non-zero exit code 1.; 6861)
Traceback (most recent call last):
  File "/home/airflow/.local/lib/python3.12/site-packages/airflow/task/task_runner/standard_task_runner.py", line 117, in _start_by_fork
    ret = args.func(args, dag=self.dag)
          ^^^^^^^^^^^^^^^^^^^^^^^^^^^^^
  File "/home/airflow/.local/lib/python3.12/site-packages/airflow/cli/cli_config.py", line 49, in command
    return func(*args, **kwargs)
           ^^^^^^^^^^^^^^^^^^^^^
  File "/home/airflow/.local/lib/python3.12/site-packages/airflow/utils/cli.py", line 115, in wrapper
    return f(*args, **kwargs)
           ^^^^^^^^^^^^^^^^^^
  File "/home/airflow/.local/lib/python3.12/site-packages/airflow/cli/commands/task_command.py", line 483, in task_run
    task_return_code = _run_task_by_selected_method(args, _dag, ti)
                       ^^^^^^^^^^^^^^^^^^^^^^^^^^^^^^^^^^^^^^^^^^^^
  File "/home/airflow/.local/lib/python3.12/site-packages/airflow/cli/commands/task_command.py", line 256, in _run_task_by_selected_method
    return _run_raw_task(args, ti)
           ^^^^^^^^^^^^^^^^^^^^^^^
  File "/home/airflow/.local/lib/python3.12/site-packages/airflow/cli/commands/task_command.py", line 341, in _run_raw_task
    return ti._run_raw_task(
           ^^^^^^^^^^^^^^^^^
  File "/home/airflow/.local/lib/python3.12/site-packages/airflow/utils/session.py", line 97, in wrapper
    return func(*args, session=session, **kwargs)
           ^^^^^^^^^^^^^^^^^^^^^^^^^^^^^^^^^^^^^^
  File "/home/airflow/.local/lib/python3.12/site-packages/airflow/models/taskinstance.py", line 3004, in _run_raw_task
    return _run_raw_task(
           ^^^^^^^^^^^^^^
  File "/home/airflow/.local/lib/python3.12/site-packages/airflow/models/taskinstance.py", line 273, in _run_raw_task
    TaskInstance._execute_task_with_callbacks(
  File "/home/airflow/.local/lib/python3.12/site-packages/airflow/models/taskinstance.py", line 3158, in _execute_task_with_callbacks
    result = self._execute_task(context, task_orig)
             ^^^^^^^^^^^^^^^^^^^^^^^^^^^^^^^^^^^^^^
  File "/home/airflow/.local/lib/python3.12/site-packages/airflow/models/taskinstance.py", line 3182, in _execute_task
    return _execute_task(self, context, task_orig)
           ^^^^^^^^^^^^^^^^^^^^^^^^^^^^^^^^^^^^^^^
  File "/home/airflow/.local/lib/python3.12/site-packages/airflow/models/taskinstance.py", line 767, in _execute_task
    result = _execute_callable(context=context, **execute_callable_kwargs)
             ^^^^^^^^^^^^^^^^^^^^^^^^^^^^^^^^^^^^^^^^^^^^^^^^^^^^^^^^^^^^^
  File "/home/airflow/.local/lib/python3.12/site-packages/airflow/models/taskinstance.py", line 733, in _execute_callable
    return ExecutionCallableRunner(
           ^^^^^^^^^^^^^^^^^^^^^^^^
  File "/home/airflow/.local/lib/python3.12/site-packages/airflow/utils/operator_helpers.py", line 252, in run
    return self.func(*args, **kwargs)
           ^^^^^^^^^^^^^^^^^^^^^^^^^^
  File "/home/airflow/.local/lib/python3.12/site-packages/airflow/models/baseoperator.py", line 406, in wrapper
    return func(self, *args, **kwargs)
           ^^^^^^^^^^^^^^^^^^^^^^^^^^^
  File "/home/airflow/.local/lib/python3.12/site-packages/airflow/operators/bash.py", line 249, in execute
    raise AirflowException(
airflow.exceptions.AirflowException: Bash command failed. The command returned a non-zero exit code 1.
[2025-04-24T00:19:10.877+0000] {local_task_job_runner.py:266} INFO - Task exited with return code 1
[2025-04-24T00:19:10.894+0000] {taskinstance.py:3900} INFO - 0 downstream tasks scheduled from follow-on schedule check
[2025-04-24T00:19:10.900+0000] {local_task_job_runner.py:245} INFO - ::endgroup::
